{
"/home/hegde/Desktop/Lab-Project/seminar-webapps-wot/_sensors-project/dummy-sensor/lib/DummySensor.js":{"path":"/home/hegde/Desktop/Lab-Project/seminar-webapps-wot/_sensors-project/dummy-sensor/lib/DummySensor.js","s":{"1":1,"2":1,"3":1,"4":1,"5":1,"6":0,"7":0,"8":0,"9":0},"b":{},"f":{"1":1,"2":0,"3":0},"fnMap":{"1":{"name":"(anonymous_1)","line":8,"loc":{"start":{"line":8,"column":13},"end":{"line":8,"column":29}}},"2":{"name":"(anonymous_2)","line":13,"loc":{"start":{"line":13,"column":15},"end":{"line":13,"column":18}}},"3":{"name":"(anonymous_3)","line":28,"loc":{"start":{"line":28,"column":15},"end":{"line":28,"column":18}}}},"statementMap":{"1":{"start":{"line":3,"column":0},"end":{"line":3,"column":52}},"2":{"start":{"line":4,"column":0},"end":{"line":4,"column":59}},"3":{"start":{"line":6,"column":0},"end":{"line":31,"column":1}},"4":{"start":{"line":9,"column":4},"end":{"line":9,"column":25}},"5":{"start":{"line":10,"column":4},"end":{"line":10,"column":32}},"6":{"start":{"line":14,"column":4},"end":{"line":25,"column":6}},"7":{"start":{"line":16,"column":12},"end":{"line":19,"column":13}},"8":{"start":{"line":20,"column":12},"end":{"line":22,"column":15}},"9":{"start":{"line":29,"column":6},"end":{"line":29,"column":42}}},"branchMap":{},"l":{"3":1,"4":1,"6":1,"9":1,"10":1,"14":0,"16":0,"20":0,"29":0}},
"/home/hegde/Desktop/Lab-Project/seminar-webapps-wot/_sensors-project/dummy-sensor/lib/DummySensorReading.js":{"path":"/home/hegde/Desktop/Lab-Project/seminar-webapps-wot/_sensors-project/dummy-sensor/lib/DummySensorReading.js","s":{"1":1,"2":1,"3":0,"4":0,"5":0,"6":0},"b":{},"f":{"1":0,"2":0,"3":0},"fnMap":{"1":{"name":"(anonymous_1)","line":5,"loc":{"start":{"line":5,"column":13},"end":{"line":5,"column":32}}},"2":{"name":"(anonymous_2)","line":10,"loc":{"start":{"line":10,"column":16},"end":{"line":10,"column":19}}},"3":{"name":"(anonymous_3)","line":13,"loc":{"start":{"line":13,"column":16},"end":{"line":13,"column":24}}}},"statementMap":{"1":{"start":{"line":2,"column":0},"end":{"line":2,"column":66}},"2":{"start":{"line":4,"column":0},"end":{"line":16,"column":1}},"3":{"start":{"line":6,"column":4},"end":{"line":6,"column":21}},"4":{"start":{"line":7,"column":4},"end":{"line":7,"column":29}},"5":{"start":{"line":11,"column":4},"end":{"line":11,"column":28}},"6":{"start":{"line":14,"column":4},"end":{"line":14,"column":29}}},"branchMap":{},"l":{"2":1,"4":1,"6":0,"7":0,"11":0,"14":0}}}
