TN:
SF:/home/hegde/Desktop/Lab-Project/seminar-webapps-wot/_sensors-project/dummy-sensor/lib/DummySensor.js
FN:8,(anonymous_1)
FN:13,(anonymous_2)
FN:28,(anonymous_3)
FNF:3
FNH:1
FNDA:1,(anonymous_1)
FNDA:0,(anonymous_2)
FNDA:0,(anonymous_3)
DA:3,1
DA:4,1
DA:6,1
DA:9,1
DA:10,1
DA:14,0
DA:16,0
DA:20,0
DA:29,0
LF:9
LH:5
BRF:0
BRH:0
end_of_record
TN:
SF:/home/hegde/Desktop/Lab-Project/seminar-webapps-wot/_sensors-project/dummy-sensor/lib/DummySensorReading.js
FN:5,(anonymous_1)
FN:10,(anonymous_2)
FN:13,(anonymous_3)
FNF:3
FNH:0
FNDA:0,(anonymous_1)
FNDA:0,(anonymous_2)
FNDA:0,(anonymous_3)
DA:2,1
DA:4,1
DA:6,0
DA:7,0
DA:11,0
DA:14,0
LF:6
LH:2
BRF:0
BRH:0
end_of_record
